\BOOKMARK [1][-]{section*.1}{Contents}{}% 1
\BOOKMARK [1][-]{section.1}{Module gblfit}{}% 2
\BOOKMARK [2][-]{subsection.1.1}{Variables}{section.1}% 3
\BOOKMARK [2][-]{subsection.1.2}{Class GblPoint}{section.1}% 4
\BOOKMARK [3][-]{subsubsection.1.2.1}{Methods}{subsection.1.2}% 5
\BOOKMARK [3][-]{subsubsection.1.2.2}{Properties}{subsection.1.2}% 6
\BOOKMARK [2][-]{subsection.1.3}{Class GblData}{section.1}% 7
\BOOKMARK [3][-]{subsubsection.1.3.1}{Methods}{subsection.1.3}% 8
\BOOKMARK [3][-]{subsubsection.1.3.2}{Properties}{subsection.1.3}% 9
\BOOKMARK [2][-]{subsection.1.4}{Class GblTrajectory}{section.1}% 10
\BOOKMARK [3][-]{subsubsection.1.4.1}{Methods}{subsection.1.4}% 11
\BOOKMARK [3][-]{subsubsection.1.4.2}{Properties}{subsection.1.4}% 12
\BOOKMARK [1][-]{section.2}{Module gblnum}{}% 13
\BOOKMARK [2][-]{subsection.2.1}{Variables}{section.2}% 14
\BOOKMARK [2][-]{subsection.2.2}{Class BorderedBandMatrix}{section.2}% 15
\BOOKMARK [3][-]{subsubsection.2.2.1}{Methods}{subsection.2.2}% 16
\BOOKMARK [3][-]{subsubsection.2.2.2}{Properties}{subsection.2.2}% 17
\BOOKMARK [1][-]{section.3}{Module gbltst}{}% 18
\BOOKMARK [2][-]{subsection.3.1}{Functions}{section.3}% 19
\BOOKMARK [2][-]{subsection.3.2}{Variables}{section.3}% 20
\BOOKMARK [1][-]{section.4}{Module mille}{}% 21
\BOOKMARK [2][-]{subsection.4.1}{Variables}{section.4}% 22
\BOOKMARK [2][-]{subsection.4.2}{Class MilleRecord}{section.4}% 23
\BOOKMARK [3][-]{subsubsection.4.2.1}{Methods}{subsection.4.2}% 24
\BOOKMARK [3][-]{subsubsection.4.2.2}{Properties}{subsection.4.2}% 25
\BOOKMARK [1][-]{section*.2}{Index}{}% 26
