This is pdfTeX, Version 3.1415926-1.40.11 (TeX Live 2010) (format=latex 2010.11.12)  5 AUG 2011 14:15
entering extended mode
 restricted \write18 enabled.
 %&-line parsing enabled.
**api.tex
(./api.tex
LaTeX2e <2009/09/24>
Babel <v3.8l> and hyphenation patterns for english, dumylang, nohyphenation, ge
rman-x-2009-06-19, ngerman-x-2009-06-19, ancientgreek, ibycus, arabic, armenian
, basque, bulgarian, catalan, pinyin, coptic, croatian, czech, danish, dutch, u
kenglish, usenglishmax, esperanto, estonian, farsi, finnish, french, galician, 
german, ngerman, swissgerman, monogreek, greek, hungarian, icelandic, assamese,
 bengali, gujarati, hindi, kannada, malayalam, marathi, oriya, panjabi, tamil, 
telugu, indonesian, interlingua, irish, italian, kurmanji, lao, latin, latvian,
 lithuanian, mongolian, mongolianlmc, bokmal, nynorsk, polish, portuguese, roma
nian, russian, sanskrit, serbian, slovak, slovenian, spanish, swedish, turkish,
 turkmen, ukrainian, uppersorbian, welsh, loaded.
(/usr/local/texlive/2010/texmf-dist/tex/latex/base/article.cls
Document Class: article 2007/10/19 v1.4h Standard LaTeX document class
(/usr/local/texlive/2010/texmf-dist/tex/latex/base/size10.clo
File: size10.clo 2007/10/19 v1.4h Standard LaTeX file (size option)
)
\c@part=\count79
\c@section=\count80
\c@subsection=\count81
\c@subsubsection=\count82
\c@paragraph=\count83
\c@subparagraph=\count84
\c@figure=\count85
\c@table=\count86
\abovecaptionskip=\skip41
\belowcaptionskip=\skip42
\bibindent=\dimen102
)
(/usr/local/texlive/2010/texmf-dist/tex/latex/base/alltt.sty
Package: alltt 1997/06/16 v2.0g defines alltt environment
)
(/usr/local/texlive/2010/texmf-dist/tex/latex/ltxmisc/parskip.sty
Package: parskip 2001/04/09 non-zero parskip adjustments
)
(/usr/local/texlive/2010/texmf-dist/tex/latex/fancyhdr/fancyhdr.sty
\fancy@headwidth=\skip43
\f@ncyO@elh=\skip44
\f@ncyO@erh=\skip45
\f@ncyO@olh=\skip46
\f@ncyO@orh=\skip47
\f@ncyO@elf=\skip48
\f@ncyO@erf=\skip49
\f@ncyO@olf=\skip50
\f@ncyO@orf=\skip51
)
(/usr/local/texlive/2010/texmf-dist/tex/latex/boxedminipage/boxedminipage.sty)
(/usr/local/texlive/2010/texmf-dist/tex/latex/base/makeidx.sty
Package: makeidx 2000/03/29 v1.0m Standard LaTeX package
)
(/usr/local/texlive/2010/texmf-dist/tex/latex/multirow/multirow.sty
\bigstrutjot=\dimen103
)
(/usr/local/texlive/2010/texmf-dist/tex/latex/tools/longtable.sty
Package: longtable 2004/02/01 v4.11 Multi-page Table package (DPC)
\LTleft=\skip52
\LTright=\skip53
\LTpre=\skip54
\LTpost=\skip55
\LTchunksize=\count87
\LTcapwidth=\dimen104
\LT@head=\box26
\LT@firsthead=\box27
\LT@foot=\box28
\LT@lastfoot=\box29
\LT@cols=\count88
\LT@rows=\count89
\c@LT@tables=\count90
\c@LT@chunks=\count91
\LT@p@ftn=\toks14
)
(/usr/local/texlive/2010/texmf-dist/tex/latex/tocbibind/tocbibind.sty
Package: tocbibind 2009/12/28 v1.5j extra ToC listings


Package tocbibind Note: The document has section divisions.


Package tocbibind Note: Using section or other style headings.

) (/usr/local/texlive/2010/texmf-dist/tex/latex/amsfonts/amssymb.sty
Package: amssymb 2009/06/22 v3.00

(/usr/local/texlive/2010/texmf-dist/tex/latex/amsfonts/amsfonts.sty
Package: amsfonts 2009/06/22 v3.00 Basic AMSFonts support
\@emptytoks=\toks15
\symAMSa=\mathgroup4
\symAMSb=\mathgroup5
LaTeX Font Info:    Overwriting math alphabet `\mathfrak' in version `bold'
(Font)                  U/euf/m/n --> U/euf/b/n on input line 96.
))
(/usr/local/texlive/2010/texmf-dist/tex/latex/preprint/fullpage.sty
Package: fullpage 1999/02/23 1.1 (PWD)
\FP@margin=\skip56
)
(/usr/local/texlive/2010/texmf-dist/tex/latex/graphics/color.sty
Package: color 2005/11/14 v1.0j Standard LaTeX Color (DPC)

(/usr/local/texlive/2010/texmf-dist/tex/latex/latexconfig/color.cfg
File: color.cfg 2007/01/18 v1.5 color configuration of teTeX/TeXLive
)
Package color Info: Driver file: dvips.def on input line 130.

(/usr/local/texlive/2010/texmf-dist/tex/latex/graphics/dvips.def
File: dvips.def 1999/02/16 v3.0i Driver-dependant file (DPC,SPQR)
)
(/usr/local/texlive/2010/texmf-dist/tex/latex/graphics/dvipsnam.def
File: dvipsnam.def 1999/02/16 v3.0i Driver-dependant file (DPC,SPQR)
))
\BCL=\skip57
Package color Info: Redefining color py@inputcolour on input line 35.
\funcindent=\skip58
\funcwidth=\skip59
\varindent=\skip60
\varnamewidth=\skip61
\vardescrwidth=\skip62
\varwidth=\skip63

(/usr/local/texlive/2010/texmf-dist/tex/latex/base/inputenc.sty
Package: inputenc 2008/03/30 v1.1d Input encoding file
\inpenc@prehook=\toks16
\inpenc@posthook=\toks17

(/usr/local/texlive/2010/texmf-dist/tex/latex/base/utf8.def
File: utf8.def 2008/04/05 v1.1m UTF-8 support for inputenc
Now handling font encoding OML ...
... no UTF-8 mapping file for font encoding OML
Now handling font encoding T1 ...
... processing UTF-8 mapping file for font encoding T1

(/usr/local/texlive/2010/texmf-dist/tex/latex/base/t1enc.dfu
File: t1enc.dfu 2008/04/05 v1.1m UTF-8 support for inputenc
   defining Unicode char U+00A1 (decimal 161)
   defining Unicode char U+00A3 (decimal 163)
   defining Unicode char U+00AB (decimal 171)
   defining Unicode char U+00BB (decimal 187)
   defining Unicode char U+00BF (decimal 191)
   defining Unicode char U+00C0 (decimal 192)
   defining Unicode char U+00C1 (decimal 193)
   defining Unicode char U+00C2 (decimal 194)
   defining Unicode char U+00C3 (decimal 195)
   defining Unicode char U+00C4 (decimal 196)
   defining Unicode char U+00C5 (decimal 197)
   defining Unicode char U+00C6 (decimal 198)
   defining Unicode char U+00C7 (decimal 199)
   defining Unicode char U+00C8 (decimal 200)
   defining Unicode char U+00C9 (decimal 201)
   defining Unicode char U+00CA (decimal 202)
   defining Unicode char U+00CB (decimal 203)
   defining Unicode char U+00CC (decimal 204)
   defining Unicode char U+00CD (decimal 205)
   defining Unicode char U+00CE (decimal 206)
   defining Unicode char U+00CF (decimal 207)
   defining Unicode char U+00D0 (decimal 208)
   defining Unicode char U+00D1 (decimal 209)
   defining Unicode char U+00D2 (decimal 210)
   defining Unicode char U+00D3 (decimal 211)
   defining Unicode char U+00D4 (decimal 212)
   defining Unicode char U+00D5 (decimal 213)
   defining Unicode char U+00D6 (decimal 214)
   defining Unicode char U+00D8 (decimal 216)
   defining Unicode char U+00D9 (decimal 217)
   defining Unicode char U+00DA (decimal 218)
   defining Unicode char U+00DB (decimal 219)
   defining Unicode char U+00DC (decimal 220)
   defining Unicode char U+00DD (decimal 221)
   defining Unicode char U+00DE (decimal 222)
   defining Unicode char U+00DF (decimal 223)
   defining Unicode char U+00E0 (decimal 224)
   defining Unicode char U+00E1 (decimal 225)
   defining Unicode char U+00E2 (decimal 226)
   defining Unicode char U+00E3 (decimal 227)
   defining Unicode char U+00E4 (decimal 228)
   defining Unicode char U+00E5 (decimal 229)
   defining Unicode char U+00E6 (decimal 230)
   defining Unicode char U+00E7 (decimal 231)
   defining Unicode char U+00E8 (decimal 232)
   defining Unicode char U+00E9 (decimal 233)
   defining Unicode char U+00EA (decimal 234)
   defining Unicode char U+00EB (decimal 235)
   defining Unicode char U+00EC (decimal 236)
   defining Unicode char U+00ED (decimal 237)
   defining Unicode char U+00EE (decimal 238)
   defining Unicode char U+00EF (decimal 239)
   defining Unicode char U+00F0 (decimal 240)
   defining Unicode char U+00F1 (decimal 241)
   defining Unicode char U+00F2 (decimal 242)
   defining Unicode char U+00F3 (decimal 243)
   defining Unicode char U+00F4 (decimal 244)
   defining Unicode char U+00F5 (decimal 245)
   defining Unicode char U+00F6 (decimal 246)
   defining Unicode char U+00F8 (decimal 248)
   defining Unicode char U+00F9 (decimal 249)
   defining Unicode char U+00FA (decimal 250)
   defining Unicode char U+00FB (decimal 251)
   defining Unicode char U+00FC (decimal 252)
   defining Unicode char U+00FD (decimal 253)
   defining Unicode char U+00FE (decimal 254)
   defining Unicode char U+00FF (decimal 255)
   defining Unicode char U+0102 (decimal 258)
   defining Unicode char U+0103 (decimal 259)
   defining Unicode char U+0104 (decimal 260)
   defining Unicode char U+0105 (decimal 261)
   defining Unicode char U+0106 (decimal 262)
   defining Unicode char U+0107 (decimal 263)
   defining Unicode char U+010C (decimal 268)
   defining Unicode char U+010D (decimal 269)
   defining Unicode char U+010E (decimal 270)
   defining Unicode char U+010F (decimal 271)
   defining Unicode char U+0110 (decimal 272)
   defining Unicode char U+0111 (decimal 273)
   defining Unicode char U+0118 (decimal 280)
   defining Unicode char U+0119 (decimal 281)
   defining Unicode char U+011A (decimal 282)
   defining Unicode char U+011B (decimal 283)
   defining Unicode char U+011E (decimal 286)
   defining Unicode char U+011F (decimal 287)
   defining Unicode char U+0130 (decimal 304)
   defining Unicode char U+0131 (decimal 305)
   defining Unicode char U+0132 (decimal 306)
   defining Unicode char U+0133 (decimal 307)
   defining Unicode char U+0139 (decimal 313)
   defining Unicode char U+013A (decimal 314)
   defining Unicode char U+013D (decimal 317)
   defining Unicode char U+013E (decimal 318)
   defining Unicode char U+0141 (decimal 321)
   defining Unicode char U+0142 (decimal 322)
   defining Unicode char U+0143 (decimal 323)
   defining Unicode char U+0144 (decimal 324)
   defining Unicode char U+0147 (decimal 327)
   defining Unicode char U+0148 (decimal 328)
   defining Unicode char U+014A (decimal 330)
   defining Unicode char U+014B (decimal 331)
   defining Unicode char U+0150 (decimal 336)
   defining Unicode char U+0151 (decimal 337)
   defining Unicode char U+0152 (decimal 338)
   defining Unicode char U+0153 (decimal 339)
   defining Unicode char U+0154 (decimal 340)
   defining Unicode char U+0155 (decimal 341)
   defining Unicode char U+0158 (decimal 344)
   defining Unicode char U+0159 (decimal 345)
   defining Unicode char U+015A (decimal 346)
   defining Unicode char U+015B (decimal 347)
   defining Unicode char U+015E (decimal 350)
   defining Unicode char U+015F (decimal 351)
   defining Unicode char U+0160 (decimal 352)
   defining Unicode char U+0161 (decimal 353)
   defining Unicode char U+0162 (decimal 354)
   defining Unicode char U+0163 (decimal 355)
   defining Unicode char U+0164 (decimal 356)
   defining Unicode char U+0165 (decimal 357)
   defining Unicode char U+016E (decimal 366)
   defining Unicode char U+016F (decimal 367)
   defining Unicode char U+0170 (decimal 368)
   defining Unicode char U+0171 (decimal 369)
   defining Unicode char U+0178 (decimal 376)
   defining Unicode char U+0179 (decimal 377)
   defining Unicode char U+017A (decimal 378)
   defining Unicode char U+017B (decimal 379)
   defining Unicode char U+017C (decimal 380)
   defining Unicode char U+017D (decimal 381)
   defining Unicode char U+017E (decimal 382)
   defining Unicode char U+200C (decimal 8204)
   defining Unicode char U+2013 (decimal 8211)
   defining Unicode char U+2014 (decimal 8212)
   defining Unicode char U+2018 (decimal 8216)
   defining Unicode char U+2019 (decimal 8217)
   defining Unicode char U+201A (decimal 8218)
   defining Unicode char U+201C (decimal 8220)
   defining Unicode char U+201D (decimal 8221)
   defining Unicode char U+201E (decimal 8222)
   defining Unicode char U+2030 (decimal 8240)
   defining Unicode char U+2031 (decimal 8241)
   defining Unicode char U+2039 (decimal 8249)
   defining Unicode char U+203A (decimal 8250)
   defining Unicode char U+2423 (decimal 9251)
)
Now handling font encoding OT1 ...
... processing UTF-8 mapping file for font encoding OT1

(/usr/local/texlive/2010/texmf-dist/tex/latex/base/ot1enc.dfu
File: ot1enc.dfu 2008/04/05 v1.1m UTF-8 support for inputenc
   defining Unicode char U+00A1 (decimal 161)
   defining Unicode char U+00A3 (decimal 163)
   defining Unicode char U+00B8 (decimal 184)
   defining Unicode char U+00BF (decimal 191)
   defining Unicode char U+00C5 (decimal 197)
   defining Unicode char U+00C6 (decimal 198)
   defining Unicode char U+00D8 (decimal 216)
   defining Unicode char U+00DF (decimal 223)
   defining Unicode char U+00E6 (decimal 230)
   defining Unicode char U+00EC (decimal 236)
   defining Unicode char U+00ED (decimal 237)
   defining Unicode char U+00EE (decimal 238)
   defining Unicode char U+00EF (decimal 239)
   defining Unicode char U+00F8 (decimal 248)
   defining Unicode char U+0131 (decimal 305)
   defining Unicode char U+0141 (decimal 321)
   defining Unicode char U+0142 (decimal 322)
   defining Unicode char U+0152 (decimal 338)
   defining Unicode char U+0153 (decimal 339)
   defining Unicode char U+2013 (decimal 8211)
   defining Unicode char U+2014 (decimal 8212)
   defining Unicode char U+2018 (decimal 8216)
   defining Unicode char U+2019 (decimal 8217)
   defining Unicode char U+201C (decimal 8220)
   defining Unicode char U+201D (decimal 8221)
)
Now handling font encoding OMS ...
... processing UTF-8 mapping file for font encoding OMS

(/usr/local/texlive/2010/texmf-dist/tex/latex/base/omsenc.dfu
File: omsenc.dfu 2008/04/05 v1.1m UTF-8 support for inputenc
   defining Unicode char U+00A7 (decimal 167)
   defining Unicode char U+00B6 (decimal 182)
   defining Unicode char U+00B7 (decimal 183)
   defining Unicode char U+2020 (decimal 8224)
   defining Unicode char U+2021 (decimal 8225)
   defining Unicode char U+2022 (decimal 8226)
)
Now handling font encoding OMX ...
... no UTF-8 mapping file for font encoding OMX
Now handling font encoding U ...
... no UTF-8 mapping file for font encoding U
   defining Unicode char U+00A9 (decimal 169)
   defining Unicode char U+00AA (decimal 170)
   defining Unicode char U+00AE (decimal 174)
   defining Unicode char U+00BA (decimal 186)
   defining Unicode char U+02C6 (decimal 710)
   defining Unicode char U+02DC (decimal 732)
   defining Unicode char U+200C (decimal 8204)
   defining Unicode char U+2026 (decimal 8230)
   defining Unicode char U+2122 (decimal 8482)
   defining Unicode char U+2423 (decimal 9251)
))
(/usr/local/texlive/2010/texmf-dist/tex/latex/hyperref/hyperref.sty
Package: hyperref 2010/06/18 v6.81g Hypertext links for LaTeX

(/usr/local/texlive/2010/texmf-dist/tex/generic/oberdiek/ltxcmds.sty
Package: ltxcmds 2010/04/26 v1.7 LaTeX kernel commands for general use (HO)
)
(/usr/local/texlive/2010/texmf-dist/tex/latex/graphics/keyval.sty
Package: keyval 1999/03/16 v1.13 key=value parser (DPC)
\KV@toks@=\toks18
)
(/usr/local/texlive/2010/texmf-dist/tex/generic/oberdiek/kvsetkeys.sty
Package: kvsetkeys 2010/03/01 v1.9 Key value parser (HO)

(/usr/local/texlive/2010/texmf-dist/tex/generic/oberdiek/infwarerr.sty
Package: infwarerr 2010/04/08 v1.3 Providing info/warning/message (HO)
)
(/usr/local/texlive/2010/texmf-dist/tex/generic/oberdiek/etexcmds.sty
Package: etexcmds 2010/01/28 v1.3 Prefix for e-TeX command names (HO)
Package etexcmds Info: Could not find \expanded.
(etexcmds)             That can mean that you are not using pdfTeX 1.50 or
(etexcmds)             that some package has redefined \expanded.
(etexcmds)             In the latter case, load this package earlier.
))
(/usr/local/texlive/2010/texmf-dist/tex/generic/oberdiek/pdfescape.sty
Package: pdfescape 2010/03/01 v1.9 Provides hex, PDF name and string conversion
s (HO)

(/usr/local/texlive/2010/texmf-dist/tex/generic/oberdiek/pdftexcmds.sty
Package: pdftexcmds 2010/04/01 v0.9 Utility functions of pdfTeX for LuaTeX (HO)


(/usr/local/texlive/2010/texmf-dist/tex/generic/oberdiek/ifluatex.sty
Package: ifluatex 2010/03/01 v1.3 Provides the ifluatex switch (HO)
Package ifluatex Info: LuaTeX not detected.
)
Package pdftexcmds Info: LuaTeX not detected.
Package pdftexcmds Info: \pdf@primitive is available.
Package pdftexcmds Info: \pdf@ifprimitive is available.
))
(/usr/local/texlive/2010/texmf-dist/tex/generic/oberdiek/ifpdf.sty
Package: ifpdf 2010/01/28 v2.1 Provides the ifpdf switch (HO)
Package ifpdf Info: pdfTeX in pdf mode not detected.
)
(/usr/local/texlive/2010/texmf-dist/tex/generic/oberdiek/ifvtex.sty
Package: ifvtex 2010/03/01 v1.5 Switches for detecting VTeX and its modes (HO)
Package ifvtex Info: VTeX not detected.
)
(/usr/local/texlive/2010/texmf-dist/tex/generic/ifxetex/ifxetex.sty
Package: ifxetex 2009/01/23 v0.5 Provides ifxetex conditional
)
(/usr/local/texlive/2010/texmf-dist/tex/latex/oberdiek/hycolor.sty
Package: hycolor 2009/12/12 v1.6 Color options of hyperref/bookmark (HO)

(/usr/local/texlive/2010/texmf-dist/tex/latex/oberdiek/xcolor-patch.sty
Package: xcolor-patch 2009/12/12 xcolor patch
))
(/usr/local/texlive/2010/texmf-dist/tex/latex/oberdiek/letltxmacro.sty
Package: letltxmacro 2008/06/24 v1.3 Let assignment for LaTeX macros (HO)
)
\@linkdim=\dimen105
\Hy@linkcounter=\count92
\Hy@pagecounter=\count93

(/usr/local/texlive/2010/texmf-dist/tex/latex/hyperref/pd1enc.def
File: pd1enc.def 2010/06/18 v6.81g Hyperref: PDFDocEncoding definition (HO)
Now handling font encoding PD1 ...
... no UTF-8 mapping file for font encoding PD1
)
(/usr/local/texlive/2010/texmf-dist/tex/generic/oberdiek/intcalc.sty
Package: intcalc 2007/09/27 v1.1 Expandable integer calculations (HO)
)
(/usr/local/texlive/2010/texmf-dist/tex/latex/latexconfig/hyperref.cfg
File: hyperref.cfg 2002/06/06 v1.2 hyperref configuration of TeXLive
)
(/usr/local/texlive/2010/texmf-dist/tex/latex/oberdiek/kvoptions.sty
Package: kvoptions 2010/02/22 v3.7 Keyval support for LaTeX options (HO)
)
Package hyperref Info: Option `bookmarks' set `true' on input line 3577.
Package hyperref Info: Option `bookmarksopen' set `false' on input line 3577.
Package hyperref Info: Option `colorlinks' set `true' on input line 3577.


Package hyperref Warning: Option `pagecolor' is not available anymore.

Package hyperref Info: Hyper figures OFF on input line 3658.
Package hyperref Info: Link nesting OFF on input line 3663.
Package hyperref Info: Hyper index ON on input line 3666.
Package hyperref Info: Plain pages OFF on input line 3673.
Package hyperref Info: Backreferencing ON on input line 3676.
Implicit mode ON; LaTeX internals redefined
Package hyperref Info: Bookmarks ON on input line 3874.
(/usr/local/texlive/2010/texmf-dist/tex/latex/hyperref/backref.sty
Package: backref 2010/03/11 v1.35 Bibliographical back referencing

(/usr/local/texlive/2010/texmf-dist/tex/latex/oberdiek/rerunfilecheck.sty
Package: rerunfilecheck 2010/03/16 v1.6 Rerun checks for auxiliary files (HO)

(/usr/local/texlive/2010/texmf-dist/tex/latex/oberdiek/atveryend.sty
Package: atveryend 2010/03/24 v1.5 Hooks at very end of document (HO)
Package atveryend Info: \enddocument detected (standard).
)
(/usr/local/texlive/2010/texmf-dist/tex/generic/oberdiek/uniquecounter.sty
Package: uniquecounter 2009/12/18 v1.1 Provides unlimited unique counter (HO)

(/usr/local/texlive/2010/texmf-dist/tex/generic/oberdiek/bigintcalc.sty
Package: bigintcalc 2007/11/11 v1.1 Expandable big integer calculations (HO)
))
Package uniquecounter Info: New unique counter `rerunfilecheck' on input line 2
71.
))
(/usr/local/texlive/2010/texmf-dist/tex/latex/url/url.sty
\Urlmuskip=\muskip10
Package: url 2006/04/12  ver 3.3  Verb mode for urls, etc.
)
LaTeX Info: Redefining \url on input line 4159.

(/usr/local/texlive/2010/texmf-dist/tex/generic/oberdiek/bitset.sty
Package: bitset 2007/09/28 v1.0 Data type bit set (HO)
)
\Fld@menulength=\count94
\Field@Width=\dimen106
\Fld@charsize=\dimen107
\Field@toks=\toks19
Package hyperref Info: Hyper figures OFF on input line 5137.
Package hyperref Info: Link nesting OFF on input line 5142.
Package hyperref Info: Hyper index ON on input line 5145.
Package hyperref Info: backreferencing ON on input line 5150.
Package hyperref Info: Link coloring ON on input line 5155.
Package hyperref Info: Link coloring with OCG OFF on input line 5162.
Package hyperref Info: PDF/A mode OFF on input line 5167.
LaTeX Info: Redefining \ref on input line 5207.
LaTeX Info: Redefining \pageref on input line 5211.

(/usr/local/texlive/2010/texmf-dist/tex/generic/oberdiek/atbegshi.sty
Package: atbegshi 2010/03/25 v1.12 At begin shipout hook (HO)
)
\Hy@abspage=\count95
\c@Item=\count96
\c@Hfootnote=\count97
)
* hyperref using driver hdvips *
(/usr/local/texlive/2010/texmf-dist/tex/latex/hyperref/hdvips.def
File: hdvips.def 2010/06/18 v6.81g Hyperref driver for dvips

(/usr/local/texlive/2010/texmf-dist/tex/latex/hyperref/pdfmark.def
File: pdfmark.def 2010/06/18 v6.81g Hyperref definitions for pdfmark specials
\pdf@docset=\toks20
\pdf@box=\box30
\pdf@toks=\toks21
\pdf@defaulttoks=\toks22
\Fld@listcount=\count98
\c@bookmark@seq@number=\count99
\Hy@SectionHShift=\skip64
))
\@indexfile=\write3
\openout3 = `api.idx'.


Writing index file api.idx
(./api.aux (./gblfit-module.aux) (./gblnum-module.aux) (./gbltst-module.aux)
(./mille-module.aux))
\openout1 = `api.aux'.

LaTeX Font Info:    Checking defaults for OML/cmm/m/it on input line 80.
LaTeX Font Info:    ... okay on input line 80.
LaTeX Font Info:    Checking defaults for T1/cmr/m/n on input line 80.
LaTeX Font Info:    ... okay on input line 80.
LaTeX Font Info:    Checking defaults for OT1/cmr/m/n on input line 80.
LaTeX Font Info:    ... okay on input line 80.
LaTeX Font Info:    Checking defaults for OMS/cmsy/m/n on input line 80.
LaTeX Font Info:    ... okay on input line 80.
LaTeX Font Info:    Checking defaults for OMX/cmex/m/n on input line 80.
LaTeX Font Info:    ... okay on input line 80.
LaTeX Font Info:    Checking defaults for U/cmr/m/n on input line 80.
LaTeX Font Info:    ... okay on input line 80.
LaTeX Font Info:    Checking defaults for PD1/pdf/m/n on input line 80.
LaTeX Font Info:    ... okay on input line 80.
\AtBeginShipoutBox=\box31
Package hyperref Info: Link coloring ON on input line 80.

(/usr/local/texlive/2010/texmf-dist/tex/latex/hyperref/nameref.sty
Package: nameref 2010/04/30 v2.40 Cross-referencing by name of section

(/usr/local/texlive/2010/texmf-dist/tex/latex/oberdiek/refcount.sty
Package: refcount 2008/08/11 v3.1 Data extraction from references (HO)
)
(/usr/local/texlive/2010/texmf-dist/tex/generic/oberdiek/gettitlestring.sty
Package: gettitlestring 2009/12/18 v1.3 Cleanup title references (HO)
)
\c@section@level=\count100
)
LaTeX Info: Redefining \ref on input line 80.
LaTeX Info: Redefining \pageref on input line 80.
LaTeX Info: Redefining \nameref on input line 80.

(./api.out) (./api.out)
\@outlinefile=\write4
\openout4 = `api.out'.

LaTeX Font Info:    Try loading font information for U+msa on input line 95.

(/usr/local/texlive/2010/texmf-dist/tex/latex/amsfonts/umsa.fd
File: umsa.fd 2009/06/22 v3.00 AMS symbols A
)
LaTeX Font Info:    Try loading font information for U+msb on input line 95.

(/usr/local/texlive/2010/texmf-dist/tex/latex/amsfonts/umsb.fd
File: umsb.fd 2009/06/22 v3.00 AMS symbols B
) (./api.toc)
\tf@toc=\write5
\openout5 = `api.toc'.


[1

]
\openout2 = `gblfit-module.aux'.

 (./gblfit-module.tex [2

] [3]
LaTeX Font Info:    Try loading font information for OML+cmr on input line 556.


(/usr/local/texlive/2010/texmf-dist/tex/latex/base/omlcmr.fd
File: omlcmr.fd 1999/05/25 v2.5h Standard LaTeX font definitions
)
LaTeX Font Info:    Font shape `OML/cmr/m/n' in size <10> not available
(Font)              Font shape `OML/cmm/m/it' tried instead on input line 556.
 [4]
Overfull \hbox (59.00017pt too wide) in paragraph at lines 737--738
[][][]\OT1/cmr/m/n/12 delattr[][](), [][]format[][](), [][]getattribute[][](), 
[][]hash[][](), [][]new[][](), [][]reduce[][](), [][]reduce[]ex[][](),
 []

[5] [6] [7] [8]
Overfull \hbox (59.00017pt too wide) in paragraph at lines 1160--1161
[][][]\OT1/cmr/m/n/12 delattr[][](), [][]format[][](), [][]getattribute[][](), 
[][]hash[][](), [][]new[][](), [][]reduce[][](), [][]reduce[]ex[][](),
 []

[9]
LaTeX Font Info:    Try loading font information for OMS+cmr on input line 1241
.
 (/usr/local/texlive/2010/texmf-dist/tex/latex/base/omscmr.fd
File: omscmr.fd 1999/05/25 v2.5h Standard LaTeX font definitions
)
LaTeX Font Info:    Font shape `OMS/cmr/m/n' in size <12> not available
(Font)              Font shape `OMS/cmsy/m/n' tried instead on input line 1241.

 [10] [11]
LaTeX Font Info:    Font shape `OML/cmr/m/n' in size <12> not available
(Font)              Font shape `OML/cmm/m/it' tried instead on input line 1660.


[12]
Overfull \hbox (59.00017pt too wide) in paragraph at lines 1729--1730
[][][]\OT1/cmr/m/n/12 delattr[][](), [][]format[][](), [][]getattribute[][](), 
[][]hash[][](), [][]new[][](), [][]reduce[][](), [][]reduce[]ex[][](),
 []

) [13]
\openout2 = `gblnum-module.aux'.

 (./gblnum-module.tex
LaTeX Font Info:    Try loading font information for OMS+cmtt on input line 70.

LaTeX Font Info:    No file OMScmtt.fd. on input line 70.


LaTeX Font Warning: Font shape `OMS/cmtt/m/n' undefined
(Font)              using `OMS/cmsy/m/n' instead
(Font)              for symbol `textbar' on input line 70.

[14


] [15]
LaTeX Font Info:    Font shape `OT1/cmtt/bx/n' in size <12> not available
(Font)              Font shape `OT1/cmtt/m/n' tried instead on input line 303.

Overfull \hbox (59.00017pt too wide) in paragraph at lines 321--322
[][][]\OT1/cmr/m/n/12 delattr[][](), [][]format[][](), [][]getattribute[][](), 
[][]hash[][](), [][]new[][](), [][]reduce[][](), [][]reduce[]ex[][](),
 []

) [16]
\openout2 = `gbltst-module.aux'.

 (./gbltst-module.tex) [17


]
\openout2 = `mille-module.aux'.

 (./mille-module.tex
Overfull \hbox (2.87856pt too wide) in paragraph at lines 76--76
[]  \OT1/cmtt/m/n/12 4    ...                                                  
          \OMS/cmtt/m/n/12 j \OT1/cmtt/m/n/12 block[] 
 []

LaTeX Font Info:    Try loading font information for OML+cmtt on input line 77.

LaTeX Font Info:    No file OMLcmtt.fd. on input line 77.

LaTeX Font Warning: Font shape `OML/cmtt/m/n' undefined
(Font)              using `OML/cmm/m/it' instead
(Font)              for symbol `textgreater' on input line 77.

[18


]
Overfull \hbox (27.00066pt too wide) in paragraph at lines 194--194
[]    \OT1/cmtt/m/n/12 -float(NSP)-0.1*tag     0   ! indicates special data of 
length NSP[] 
 []

[19]
Overfull \hbox (59.00017pt too wide) in paragraph at lines 402--403
[][][]\OT1/cmr/m/n/12 delattr[][](), [][]format[][](), [][]getattribute[][](), 
[][]hash[][](), [][]new[][](), [][]reduce[][](), [][]reduce[]ex[][](),
 []

[20]) [21] (./api.ind
Overfull \hbox (5.44072pt too wide) in paragraph at lines 5--7
[]| \OT1/cmr/m/n/12 gblfit.GblData.addDerivatives \OT1/cmr/m/it/12 (method)\OT1
/cmr/m/n/12 ,
 []


Overfull \hbox (1.71992pt too wide) in paragraph at lines 7--9
[]| \OT1/cmr/m/n/12 gblfit.GblData.analyzeData \OT1/cmr/m/it/12 (method)\OT1/cm
r/m/n/12 , [][][][][][] 
 []


Overfull \hbox (25.34607pt too wide) in paragraph at lines 17--19
[]| \OT1/cmr/m/n/12 gblfit.GblData.setDownWeighting \OT1/cmr/m/it/12 (method)\O
T1/cmr/m/n/12 ,
 []


Overfull \hbox (0.54494pt too wide) in paragraph at lines 26--28
[]| \OT1/cmr/m/n/12 gblfit.GblPoint.addJacobians \OT1/cmr/m/it/12 (method)\OT1/
cmr/m/n/12 ,
 []


Overfull \hbox (19.31001pt too wide) in paragraph at lines 30--32
[]| \OT1/cmr/m/n/12 gblfit.GblPoint.addMeasurement \OT1/cmr/m/it/12 (method)\OT
1/cmr/m/n/12 ,
 []


Overfull \hbox (4.46156pt too wide) in paragraph at lines 34--36
[]| \OT1/cmr/m/n/12 gblfit.GblPoint.getDerivatives \OT1/cmr/m/it/12 (method)\OT
1/cmr/m/n/12 ,
 []


Overfull \hbox (38.48622pt too wide) in paragraph at lines 36--38
[]| \OT1/cmr/m/n/12 gblfit.GblPoint.getGlobalDerivatives \OT1/cmr/m/it/12 (meth
od)\OT1/cmr/m/n/12 ,
 []


Overfull \hbox (14.66008pt too wide) in paragraph at lines 38--40
[]| \OT1/cmr/m/n/12 gblfit.GblPoint.getGlobalLabels \OT1/cmr/m/it/12 (method)\O
T1/cmr/m/n/12 ,
 []


Overfull \hbox (32.36545pt too wide) in paragraph at lines 42--44
[]| \OT1/cmr/m/n/12 gblfit.GblPoint.getLocalDerivatives \OT1/cmr/m/it/12 (metho
d)\OT1/cmr/m/n/12 ,
 []


Overfull \hbox (16.04616pt too wide) in paragraph at lines 44--46
[]| \OT1/cmr/m/n/12 gblfit.GblPoint.getMeasurement \OT1/cmr/m/it/12 (method)\OT
1/cmr/m/n/12 ,
 []


Overfull \hbox (5.11017pt too wide) in paragraph at lines 46--48
[]| \OT1/cmr/m/n/12 gblfit.GblPoint.getNumLocals \OT1/cmr/m/it/12 (method)\OT1/
cmr/m/n/12 ,
 []


Overfull \hbox (2.53796pt too wide) in paragraph at lines 50--52
[]| \OT1/cmr/m/n/12 gblfit.GblPoint.getScatterer \OT1/cmr/m/it/12 (method)\OT1/
cmr/m/n/12 , [][][][][][] 
 []


Overfull \hbox (17.41698pt too wide) in paragraph at lines 52--54
[]| \OT1/cmr/m/n/12 gblfit.GblPoint.hasMeasurement \OT1/cmr/m/it/12 (method)\OT
1/cmr/m/n/12 ,
 []


Overfull \hbox (3.90878pt too wide) in paragraph at lines 54--56
[]| \OT1/cmr/m/n/12 gblfit.GblPoint.hasScatterer \OT1/cmr/m/it/12 (method)\OT1/
cmr/m/n/12 , [][][][][][] 
 []


Overfull \hbox (10.3365pt too wide) in paragraph at lines 58--60
[]| \OT1/cmr/m/n/12 gblfit.GblPoint.queryJacobians \OT1/cmr/m/it/12 (method)\OT
1/cmr/m/n/12 ,
 []


Overfull \hbox (43.72781pt too wide) in paragraph at lines 65--67
[]| \OT1/cmr/m/n/12 gblfit.GblTrajectory.addExternalSeed \OT1/cmr/m/it/12 (meth
od)\OT1/cmr/m/n/12 ,
 []


Overfull \hbox (25.84189pt too wide) in paragraph at lines 67--69
[]| \OT1/cmr/m/n/12 gblfit.GblTrajectory.addJacobians \OT1/cmr/m/it/12 (method)
\OT1/cmr/m/n/12 ,
 []


Overfull \hbox (3.5824pt too wide) in paragraph at lines 69--71
[]| \OT1/cmr/m/n/12 gblfit.GblTrajectory.addPoint \OT1/cmr/m/it/12 (method)\OT1
/cmr/m/n/12 ,
 []


Overfull \hbox (22.1558pt too wide) in paragraph at lines 71--73
[]| \OT1/cmr/m/n/12 gblfit.GblTrajectory.defineOffsets \OT1/cmr/m/it/12 (method
)\OT1/cmr/m/n/12 ,
 []


Overfull \hbox (1.0713pt too wide) in paragraph at lines 73--75
[]| \OT1/cmr/m/n/12 gblfit.GblTrajectory.dump \OT1/cmr/m/it/12 (method)\OT1/cmr
/m/n/12 , [][][][][][] 
 []


Overfull \hbox (30.08073pt too wide) in paragraph at lines 77--79
[]| \OT1/cmr/m/n/12 gblfit.GblTrajectory.getNumPoints \OT1/cmr/m/it/12 (method)
\OT1/cmr/m/n/12 ,
 []


Overfull \hbox (10.24066pt too wide) in paragraph at lines 79--81
[]| \OT1/cmr/m/n/12 gblfit.GblTrajectory.getResults \OT1/cmr/m/it/12 (method)\O
T1/cmr/m/n/12 ,
 []


Overfull \hbox (7.26846pt too wide) in paragraph at lines 81--83
[]| \OT1/cmr/m/n/12 gblfit.GblTrajectory.milleIn \OT1/cmr/m/it/12 (method)\OT1/
cmr/m/n/12 , [][][][][][] 
 []


Overfull \hbox (2.11574pt too wide) in paragraph at lines 83--85
[]| \OT1/cmr/m/n/12 gblfit.GblTrajectory.milleOut \OT1/cmr/m/it/12 (method)\OT1
/cmr/m/n/12 ,
 []


Overfull \hbox (35.63345pt too wide) in paragraph at lines 85--87
[]| \OT1/cmr/m/n/12 gblfit.GblTrajectory.queryJacobians \OT1/cmr/m/it/12 (metho
d)\OT1/cmr/m/n/12 ,
 []


Overfull \hbox (0.87659pt too wide) in paragraph at lines 88--90
[]| \OT1/cmr/m/n/12 gblnum.BorderedBandMatrix \OT1/cmr/m/it/12 (class)\OT1/cmr/
m/n/12 , [][][][][][]--
 []


Overfull \hbox (37.227pt too wide) in paragraph at lines 90--92
[]| \OT1/cmr/m/n/12 gblnum.BorderedBandMatrix.addBlockMatrix
 []


Overfull \hbox (33.96315pt too wide) in paragraph at lines 92--94
[]| \OT1/cmr/m/n/12 gblnum.BorderedBandMatrix.getBlockMatrix
 []


Overfull \hbox (14.54529pt too wide) in paragraph at lines 94--96
[]| \OT1/cmr/m/n/12 gblnum.BorderedBandMatrix.printMatrix
 []


Overfull \hbox (105.6638pt too wide) in paragraph at lines 96--98
[]| \OT1/cmr/m/n/12 gblnum.BorderedBandMatrix.solveAndInvertBorderedBand
 []


Overfull \hbox (3.91989pt too wide) in paragraph at lines 106--108
[]| \OT1/cmr/m/n/12 mille.MilleRecord.addData \OT1/cmr/m/it/12 (method)\OT1/cmr
/m/n/12 , [][][][][][] 
 []


Overfull \hbox (0.23381pt too wide) in paragraph at lines 108--110
[]| \OT1/cmr/m/n/12 mille.MilleRecord.addSpecial \OT1/cmr/m/it/12 (method)\OT1/
cmr/m/n/12 ,
 []

[22


]
Overfull \hbox (0.65604pt too wide) in paragraph at lines 110--112
[]| \OT1/cmr/m/n/12 mille.MilleRecord.getData \OT1/cmr/m/it/12 (method)\OT1/cmr
/m/n/12 , [][][][][][] 
 []


Overfull \hbox (10.4476pt too wide) in paragraph at lines 114--116
[]| \OT1/cmr/m/n/12 mille.MilleRecord.moreData \OT1/cmr/m/it/12 (method)\OT1/cm
r/m/n/12 , [][][][][][] 
 []


Overfull \hbox (6.26987pt too wide) in paragraph at lines 116--118
[]| \OT1/cmr/m/n/12 mille.MilleRecord.printRecord \OT1/cmr/m/it/12 (method)\OT1
/cmr/m/n/12 ,
 []


Overfull \hbox (3.3324pt too wide) in paragraph at lines 118--120
[]| \OT1/cmr/m/n/12 mille.MilleRecord.readRecord \OT1/cmr/m/it/12 (method)\OT1/
cmr/m/n/12 ,
 []


Overfull \hbox (23.95996pt too wide) in paragraph at lines 120--122
[]| \OT1/cmr/m/n/12 mille.MilleRecord.specialDataTag \OT1/cmr/m/it/12 (method)\
OT1/cmr/m/n/12 ,
 []


Overfull \hbox (7.24902pt too wide) in paragraph at lines 122--124
[]| \OT1/cmr/m/n/12 mille.MilleRecord.writeRecord \OT1/cmr/m/it/12 (method)\OT1
/cmr/m/n/12 ,
 []

[23

])
Package atveryend Info: Empty hook `BeforeClearDocument' on input line 124.
Package atveryend Info: Empty hook `AfterLastShipout' on input line 124.
 (./api.aux (./gblfit-module.aux) (./gblnum-module.aux)
(./gbltst-module.aux) (./mille-module.aux))
Package atveryend Info: Executing hook `AtVeryEndDocument' on input line 124.
Package rerunfilecheck Info: File `api.out' has not changed.
(rerunfilecheck)             Checksum: 5CEC7577325396EFCEF2CDBC934C1882;1590.


LaTeX Font Warning: Some font shapes were not available, defaults substituted.

 ) 
Here is how much of TeX's memory you used:
 5497 strings out of 493748
 82028 string characters out of 3143568
 159263 words of memory out of 3000000
 8626 multiletter control sequences out of 15000+200000
 13889 words of font info for 53 fonts, out of 3000000 for 9000
 714 hyphenation exceptions out of 8191
 42i,11n,43p,418b,444s stack positions out of 5000i,500n,10000p,200000b,50000s

Output written on api.dvi (23 pages, 108012 bytes).
